<?xml version="1.0" encoding="UTF-8"?>
<testng-results ignored="0" total="3" passed="2" failed="1" skipped="0">
  <reporter-output>
  </reporter-output>
  <suite started-at="2024-03-19T11:05:28 IST" name="Default suite" finished-at="2024-03-19T11:05:55 IST" duration-ms="27323">
    <groups>
      <group name="cucumber">
        <method signature="AbstractTestNGCucumberTests.runScenario(io.cucumber.testng.PickleWrapper,io.cucumber.testng.FeatureWrapper)[pri:0, instance:cucumberOptions.TestNGRunner@350aac89]" name="runScenario" class="io.cucumber.testng.AbstractTestNGCucumberTests"/>
      </group> <!-- cucumber -->
    </groups>
    <test started-at="2024-03-19T11:05:28 IST" name="Default test" finished-at="2024-03-19T11:05:55 IST" duration-ms="27323">
      <class name="cucumberOptions.TestNGRunner">
        <test-method is-config="true" signature="setUpClass(org.testng.ITestContext)[pri:0, instance:cucumberOptions.TestNGRunner@350aac89]" started-at="2024-03-19T11:05:28 IST" name="setUpClass" finished-at="2024-03-19T11:05:29 IST" duration-ms="1138" status="PASS">
          <params>
            <param index="0">
              <value>
                <![CDATA[org.testng.TestRunner@57540fd0]]>
              </value>
            </param>
          </params>
          <reporter-output>
          </reporter-output>
        </test-method> <!-- setUpClass -->
        <test-method signature="runScenario(io.cucumber.testng.PickleWrapper,io.cucumber.testng.FeatureWrapper)[pri:0, instance:cucumberOptions.TestNGRunner@350aac89]" started-at="2024-03-19T11:05:30 IST" name="runScenario" description="Runs Cucumber Scenarios" data-provider="scenarios" finished-at="2024-03-19T11:05:53 IST" duration-ms="23268" status="PASS">
          <params>
            <param index="0">
              <value>
                <![CDATA["Search experience for profuct on home and offers page"]]>
              </value>
            </param>
            <param index="1">
              <value>
                <![CDATA["Search the place the order for the products"]]>
              </value>
            </param>
          </params>
          <reporter-output>
          </reporter-output>
        </test-method> <!-- runScenario -->
        <test-method signature="runScenario(io.cucumber.testng.PickleWrapper,io.cucumber.testng.FeatureWrapper)[pri:0, instance:cucumberOptions.TestNGRunner@350aac89]" started-at="2024-03-19T11:05:30 IST" name="runScenario" description="Runs Cucumber Scenarios" data-provider="scenarios" finished-at="2024-03-19T11:05:55 IST" duration-ms="25403" status="PASS">
          <params>
            <param index="0">
              <value>
                <![CDATA["User and add and place the order"]]>
              </value>
            </param>
            <param index="1">
              <value>
                <![CDATA["Add a product and place the order"]]>
              </value>
            </param>
          </params>
          <reporter-output>
          </reporter-output>
        </test-method> <!-- runScenario -->
        <test-method signature="runScenario(io.cucumber.testng.PickleWrapper,io.cucumber.testng.FeatureWrapper)[pri:0, instance:cucumberOptions.TestNGRunner@350aac89]" started-at="2024-03-19T11:05:30 IST" name="runScenario" description="Runs Cucumber Scenarios" data-provider="scenarios" finished-at="2024-03-19T11:05:52 IST" duration-ms="21987" status="FAIL">
          <params>
            <param index="0">
              <value>
                <![CDATA["Search experience for profuct on home and offers page"]]>
              </value>
            </param>
            <param index="1">
              <value>
                <![CDATA["Search the place the order for the products"]]>
              </value>
            </param>
          </params>
          <exception class="java.lang.AssertionError">
            <message>
              <![CDATA[The following asserts failed:
expected [No data] but found [Beetroot]]]>
            </message>
            <full-stacktrace>
              <![CDATA[java.lang.AssertionError: The following asserts failed:
expected [No data] but found [Beetroot]
at org.testng.asserts.SoftAssert.assertAll(SoftAssert.java:46)
at org.testng.asserts.SoftAssert.assertAll(SoftAssert.java:30)
at stepDefinitions.OffersPageStepDefinitions.user_search_the_same_product_on_offers_page_and_check_product_exist(OffersPageStepDefinitions.java:41)
at ✽.user search the same product Beet on offers page and check product exist(file:///C:/Users/ritik/SeleniumFramework/GreekKart/src/test/java/features/searchProduct.feature:7)
]]>
            </full-stacktrace>
          </exception> <!-- java.lang.AssertionError -->
          <reporter-output>
          </reporter-output>
        </test-method> <!-- runScenario -->
        <test-method is-config="true" signature="tearDownClass()[pri:0, instance:cucumberOptions.TestNGRunner@350aac89]" started-at="2024-03-19T11:05:55 IST" name="tearDownClass" finished-at="2024-03-19T11:05:55 IST" duration-ms="480" status="PASS">
          <reporter-output>
          </reporter-output>
        </test-method> <!-- tearDownClass -->
      </class> <!-- cucumberOptions.TestNGRunner -->
    </test> <!-- Default test -->
  </suite> <!-- Default suite -->
</testng-results>
